Fold 0
Fold 0
Fold 0
Fold 0
Fold 0
Model 0 best validation auc = 0.961934 on epoch 2
Model 0 test auc = 0.876982
Model 1 best validation auc = 0.965168 on epoch 2
Model 1 test auc = 0.887805
Ensemble test auc = 0.881402
Fold 1
Model 0 best validation auc = 0.920894 on epoch 2
Model 0 test auc = 0.933576
Model 1 best validation auc = 0.936268 on epoch 2
Model 1 test auc = 0.930089
Ensemble test auc = 0.931516
2-fold cross validation
Seed 0 ==> test auc = 0.881402
Seed 1 ==> test auc = 0.931516
Overall test auc = 0.906459 +/- 0.025057
Fold 0
Fold 0
Model 0 best validation auc = 0.890041 on epoch 2
Model 0 best validation auc = 0.890041 on epoch 2
Model 0 test auc = 0.892130
Model 0 test auc = 0.892130
Model 1 best validation auc = 0.903661 on epoch 2
Model 1 best validation auc = 0.903661 on epoch 2
Model 1 test auc = 0.892543
Model 1 test auc = 0.892543
Ensemble test auc = 0.891167
Ensemble test auc = 0.891167
Fold 1
Fold 1
Model 0 best validation auc = 0.933772 on epoch 2
Model 0 best validation auc = 0.933772 on epoch 2
Model 0 test auc = 0.923580
Model 0 test auc = 0.923580
Model 1 best validation auc = 0.961422 on epoch 2
Model 1 best validation auc = 0.961422 on epoch 2
Model 1 test auc = 0.940123
Model 1 test auc = 0.940123
Ensemble test auc = 0.937778
Ensemble test auc = 0.937778
2-fold cross validation
2-fold cross validation
Seed 100 ==> test auc = 0.891167
Seed 100 ==> test auc = 0.891167
Seed 101 ==> test auc = 0.937778
Seed 101 ==> test auc = 0.937778
Overall test auc = 0.914472 +/- 0.023306
Overall test auc = 0.914472 +/- 0.023306
Fold 0
Fold 0
Fold 0
Model 0 best validation auc = 0.946494 on epoch 2
Model 0 best validation auc = 0.946494 on epoch 2
Model 0 best validation auc = 0.946494 on epoch 2
Model 0 test auc = 0.883432
Model 0 test auc = 0.883432
Model 0 test auc = 0.883432
Model 1 best validation auc = 0.958701 on epoch 2
Model 1 best validation auc = 0.958701 on epoch 2
Model 1 best validation auc = 0.958701 on epoch 2
Model 1 test auc = 0.891232
Model 1 test auc = 0.891232
Model 1 test auc = 0.891232
Ensemble test auc = 0.888777
Ensemble test auc = 0.888777
Ensemble test auc = 0.888777
Fold 1
Fold 1
Fold 1
Model 0 best validation auc = 0.941862 on epoch 2
Model 0 best validation auc = 0.941862 on epoch 2
Model 0 best validation auc = 0.941862 on epoch 2
Model 0 test auc = 0.929138
Model 0 test auc = 0.929138
Model 0 test auc = 0.929138
Model 1 best validation auc = 0.955685 on epoch 2
Model 1 best validation auc = 0.955685 on epoch 2
Model 1 best validation auc = 0.955685 on epoch 2
Model 1 test auc = 0.941978
Model 1 test auc = 0.941978
Model 1 test auc = 0.941978
Ensemble test auc = 0.938649
Ensemble test auc = 0.938649
Ensemble test auc = 0.938649
2-fold cross validation
2-fold cross validation
2-fold cross validation
Seed 200 ==> test auc = 0.888777
Seed 200 ==> test auc = 0.888777
Seed 200 ==> test auc = 0.888777
Seed 201 ==> test auc = 0.938649
Seed 201 ==> test auc = 0.938649
Seed 201 ==> test auc = 0.938649
Overall test auc = 0.913713 +/- 0.024936
Overall test auc = 0.913713 +/- 0.024936
Overall test auc = 0.913713 +/- 0.024936
Fold 0
Model 0 best validation auc = 0.952381 on epoch 1
Model 0 test auc = 0.826829
Model 1 best validation auc = 0.965315 on epoch 1
Model 1 test auc = 0.880183
Ensemble metrics: AUC=0.847866, Accuracy=0.872549, Precision=0.901163, Recall=0.945122, F1=0.922619
Ensemble test auc = 0.847866
Fold 1
Model 0 best validation auc = 0.871698 on epoch 1
Model 0 test auc = 0.929930
Model 1 best validation auc = 0.906639 on epoch 1
Model 1 test auc = 0.914077
Ensemble metrics: AUC=0.930247, Accuracy=0.916667, Precision=0.916201, Recall=0.987952, F1=0.950725
Ensemble test auc = 0.930247
2-fold cross validation
Seed 0 ==> test auc = 0.847866
Seed 1 ==> test auc = 0.930247
Overall test auc = 0.889057 +/- 0.041191
Fold 0
Fold 0
Model 0 best validation auc = 0.866425 on epoch 1
Model 0 best validation auc = 0.866425 on epoch 1
Model 0 test auc = 0.835443
Model 0 test auc = 0.835443
Model 1 best validation auc = 0.891666 on epoch 1
Model 1 best validation auc = 0.891666 on epoch 1
Model 1 test auc = 0.902312
Model 1 test auc = 0.902312
Ensemble metrics: AUC=0.890066, Accuracy=0.867647, Precision=0.896970, Recall=0.936709, F1=0.916409
Ensemble metrics: AUC=0.890066, Accuracy=0.867647, Precision=0.896970, Recall=0.936709, F1=0.916409
Ensemble test auc = 0.890066
Ensemble test auc = 0.890066
Fold 1
Fold 1
Model 0 best validation auc = 0.950230 on epoch 1
Model 0 best validation auc = 0.950230 on epoch 1
Model 0 test auc = 0.924815
Model 0 test auc = 0.924815
Model 1 best validation auc = 0.912442 on epoch 1
Model 1 best validation auc = 0.912442 on epoch 1
Model 1 test auc = 0.875556
Model 1 test auc = 0.875556
Ensemble metrics: AUC=0.916543, Accuracy=0.852941, Precision=0.857143, Recall=0.960000, F1=0.905660
Ensemble metrics: AUC=0.916543, Accuracy=0.852941, Precision=0.857143, Recall=0.960000, F1=0.905660
Ensemble test auc = 0.916543
Ensemble test auc = 0.916543
2-fold cross validation
2-fold cross validation
Seed 100 ==> test auc = 0.890066
Seed 100 ==> test auc = 0.890066
Seed 101 ==> test auc = 0.916543
Seed 101 ==> test auc = 0.916543
Overall test auc = 0.903305 +/- 0.013239
Overall test auc = 0.903305 +/- 0.013239
Fold 0
Model 0 best validation auc = 0.960758 on epoch 1
Model 0 test auc = 0.848171
Ensemble metrics: AUC=0.848171, Accuracy=0.862745, Precision=0.919753, Recall=0.908537, F1=0.914110
Ensemble test auc = 0.848171
Fold 1
Model 0 best validation auc = 0.882460 on epoch 1
Model 0 test auc = 0.939125
Ensemble metrics: AUC=0.939125, Accuracy=0.887255, Precision=0.973510, Recall=0.885542, F1=0.927445
Ensemble test auc = 0.939125
2-fold cross validation
Seed 0 ==> test auc = 0.848171
Seed 1 ==> test auc = 0.939125
Overall test auc = 0.893648 +/- 0.045477
Fold 0
Fold 0
Model 0 best validation auc = 0.885668 on epoch 1
Model 0 best validation auc = 0.885668 on epoch 1
Model 0 test auc = 0.883875
Model 0 test auc = 0.883875
Ensemble metrics: AUC=0.883875, Accuracy=0.887255, Precision=0.904192, Recall=0.955696, F1=0.929231
Ensemble metrics: AUC=0.883875, Accuracy=0.887255, Precision=0.904192, Recall=0.955696, F1=0.929231
Ensemble test auc = 0.883875
Ensemble test auc = 0.883875
Fold 1
Fold 1
Model 0 best validation auc = 0.888611 on epoch 1
Model 0 best validation auc = 0.888611 on epoch 1
Model 0 test auc = 0.862099
Model 0 test auc = 0.862099
Ensemble metrics: AUC=0.862099, Accuracy=0.823529, Precision=0.809783, Recall=0.993333, F1=0.892216
Ensemble metrics: AUC=0.862099, Accuracy=0.823529, Precision=0.809783, Recall=0.993333, F1=0.892216
Ensemble test auc = 0.862099
Ensemble test auc = 0.862099
2-fold cross validation
2-fold cross validation
Seed 100 ==> test auc = 0.883875
Seed 100 ==> test auc = 0.883875
Seed 101 ==> test auc = 0.862099
Seed 101 ==> test auc = 0.862099
Overall test auc = 0.872987 +/- 0.010888
Overall test auc = 0.872987 +/- 0.010888
Fold 0
